  Bullet.cpp
E:\windows\homework\plane\day1\Bullet.cpp(14,16): warning C4244: “参数”: 从“double”转换到“float”，可能丢失数据
E:\windows\homework\plane\day1\Bullet.cpp(15,16): warning C4244: “参数”: 从“double”转换到“float”，可能丢失数据
E:\windows\homework\plane\day1\Bullet.cpp(16,18): warning C4244: “参数”: 从“double”转换到“int”，可能丢失数据
E:\windows\homework\plane\day1\Bullet.cpp(16,14): warning C4244: “参数”: 从“double”转换到“int”，可能丢失数据
  Enemy.cpp
E:\windows\homework\plane\day1\Enemy.cpp(24,18): warning C4244: “参数”: 从“double”转换到“int”，可能丢失数据
E:\windows\homework\plane\day1\Enemy.cpp(24,14): warning C4244: “参数”: 从“double”转换到“int”，可能丢失数据
  Plane.cpp
E:\windows\homework\plane\day1\Plane.cpp(40,45): warning C4244: “参数”: 从“double”转换到“float”，可能丢失数据
E:\windows\homework\plane\day1\Plane.cpp(49,18): warning C4244: “参数”: 从“double”转换到“int”，可能丢失数据
E:\windows\homework\plane\day1\Plane.cpp(49,14): warning C4244: “参数”: 从“double”转换到“int”，可能丢失数据
  正在生成代码
  11 of 463 functions ( 2.4%) were compiled, the rest were copied from previous compilation.
    0 functions were new in current compilation
    2 functions had inline decision re-evaluated but remain unchanged
  已完成代码的生成
  plane.vcxproj -> E:\windows\homework\plane\day1\x64\Release\plane.exe
  'pwsh.exe' 不是内部或外部命令，也不是可运行的程序
  或批处理文件。
